<?xml version="1.0" encoding="UTF-8" ?>
<testsuite tests="5" failures="2" name="runners.TestRunner" time="0.014" errors="0" skipped="0">
  <properties>
[...]
</properties>
  <testcase classname="Scenario: Valid login" name="Given user is in login page" time="0.003"/>
  <testcase classname="Scenario: Valid login" name="When he enters username and password" time="0"/>
  <testcase classname="Scenario: Valid login" name="And clicks on login button" time="0"/>
  <testcase classname="Scenario: Valid login" name="Then emp welcome page is displayed" time="0.005">
    <failure message="User not able to login - Test Failed" type="java.lang.AssertionError">java.lang.AssertionError: User not able to login - Test Failed
	at org.junit.Assert.fail(Assert.java:88)
	at org.junit.Assert.assertTrue(Assert.java:41)
	at stepDefinitions.LoginSteps.emp_welcome_page_is_displayed(LoginSteps.java:55)
	at ✽.Then emp welcome page is displayed(Login.feature:16)
</failure>
  </testcase>
  <testcase classname="Scenario: Valid login" name="Scenario: Valid login" time="0.006">
    <failure message="User not able to login - Test Failed" type="java.lang.AssertionError">java.lang.AssertionError: User not able to login - Test Failed
	at org.junit.Assert.fail(Assert.java:88)
	at org.junit.Assert.assertTrue(Assert.java:41)
	at stepDefinitions.LoginSteps.emp_welcome_page_is_displayed(LoginSteps.java:55)
	at ✽.Then emp welcome page is displayed(Login.feature:16)
</failure>
  </testcase>
</testsuite>